# JRE version: Java(TM) SE Runtime Environment (8.0_45-b14) (build 1.8.0_45-b14)
# Java VM: Java HotSpot(TM) 64-Bit Server VM (25.45-b02 mixed mode bsd-amd64 compressed oops)
Heap:
 PSYoungGen      total 25600K, used 9349K [0x00000007b5580000, 0x00000007b7580000, 0x00000007c0000000)
  eden space 19456K, 27% used [0x00000007b5580000,0x00000007b5ad0800,0x00000007b6880000)
  from space 6144K, 63% used [0x00000007b6f80000,0x00000007b7350f10,0x00000007b7580000)
  to   space 6656K, 0% used [0x00000007b6880000,0x00000007b6880000,0x00000007b6f00000)
 ParOldGen       total 108032K, used 96551K [0x00000007a0000000, 0x00000007a6980000, 0x00000007b5580000)
  object space 108032K, 89% used [0x00000007a0000000,0x00000007a5e49d28,0x00000007a6980000)
 Metaspace       used 103944K, capacity 112694K, committed 113024K, reserved 1146880K
  class space    used 12356K, capacity 14859K, committed 14976K, reserved 1048576K
GC Heap History (10 events):
Event: 33814.496 GC heap before
{Heap before GC invocations=303 (full 93):
 PSYoungGen      total 24064K, used 23716K [0x00000007b5580000, 0x00000007b7680000, 0x00000007c0000000)
  eden space 19456K, 100% used [0x00000007b5580000,0x00000007b6880000,0x00000007b6880000)
  from space 4608K, 92% used [0x00000007b6880000,0x00000007b6ca9380,0x00000007b6d00000)
  to   space 7168K, 0% used [0x00000007b6f80000,0x00000007b6f80000,0x00000007b7680000)
 ParOldGen       total 108032K, used 94848K [0x00000007a0000000, 0x00000007a6980000, 0x00000007b5580000)
  object space 108032K, 87% used [0x00000007a0000000,0x00000007a5ca0120,0x00000007a6980000)
 Metaspace       used 103904K, capacity 112694K, committed 113024K, reserved 1146880K
  class space    used 12355K, capacity 14859K, committed 14976K, reserved 1048576K
Event: 33814.504 GC heap after
Heap after GC invocations=303 (full 93):
 PSYoungGen      total 26624K, used 4500K [0x00000007b5580000, 0x00000007b7680000, 0x00000007c0000000)
  eden space 19456K, 0% used [0x00000007b5580000,0x00000007b5580000,0x00000007b6880000)
  from space 7168K, 62% used [0x00000007b6f80000,0x00000007b73e5370,0x00000007b7680000)
  to   space 7168K, 0% used [0x00000007b6880000,0x00000007b6880000,0x00000007b6f80000)
 ParOldGen       total 108032K, used 95348K [0x00000007a0000000, 0x00000007a6980000, 0x00000007b5580000)
  object space 108032K, 88% used [0x00000007a0000000,0x00000007a5d1d068,0x00000007a6980000)
 Metaspace       used 103904K, capacity 112694K, committed 113024K, reserved 1146880K
  class space    used 12355K, capacity 14859K, committed 14976K, reserved 1048576K
}
Event: 33824.911 GC heap before
{Heap before GC invocations=304 (full 93):
 PSYoungGen      total 26624K, used 23956K [0x00000007b5580000, 0x00000007b7680000, 0x00000007c0000000)
  eden space 19456K, 100% used [0x00000007b5580000,0x00000007b6880000,0x00000007b6880000)
  from space 7168K, 62% used [0x00000007b6f80000,0x00000007b73e5370,0x00000007b7680000)
  to   space 7168K, 0% used [0x00000007b6880000,0x00000007b6880000,0x00000007b6f80000)
 ParOldGen       total 108032K, used 95348K [0x00000007a0000000, 0x00000007a6980000, 0x00000007b5580000)
  object space 108032K, 88% used [0x00000007a0000000,0x00000007a5d1d068,0x00000007a6980000)
 Metaspace       used 103912K, capacity 112694K, committed 113024K, reserved 1146880K
  class space    used 12355K, capacity 14859K, committed 14976K, reserved 1048576K
Event: 33824.918 GC heap after
Heap after GC invocations=304 (full 93):
 PSYoungGen      total 26624K, used 4454K [0x00000007b5580000, 0x00000007b7680000, 0x00000007c0000000)
  eden space 19456K, 0% used [0x00000007b5580000,0x00000007b5580000,0x00000007b6880000)
  from space 7168K, 62% used [0x00000007b6880000,0x00000007b6cd9940,0x00000007b6f80000)
  to   space 7168K, 0% used [0x00000007b6f80000,0x00000007b6f80000,0x00000007b7680000)
 ParOldGen       total 108032K, used 95428K [0x00000007a0000000, 0x00000007a6980000, 0x00000007b5580000)
  object space 108032K, 88% used [0x00000007a0000000,0x00000007a5d31068,0x00000007a6980000)
 Metaspace       used 103912K, capacity 112694K, committed 113024K, reserved 1146880K
  class space    used 12355K, capacity 14859K, committed 14976K, reserved 1048576K
}
Event: 33833.495 GC heap before
{Heap before GC invocations=305 (full 93):
 PSYoungGen      total 26624K, used 23910K [0x00000007b5580000, 0x00000007b7680000, 0x00000007c0000000)
  eden space 19456K, 100% used [0x00000007b5580000,0x00000007b6880000,0x00000007b6880000)
  from space 7168K, 62% used [0x00000007b6880000,0x00000007b6cd9940,0x00000007b6f80000)
  to   space 7168K, 0% used [0x00000007b6f80000,0x00000007b6f80000,0x00000007b7680000)
 ParOldGen       total 108032K, used 95428K [0x00000007a0000000, 0x00000007a6980000, 0x00000007b5580000)
  object space 108032K, 88% used [0x00000007a0000000,0x00000007a5d31068,0x00000007a6980000)
 Metaspace       used 103922K, capacity 112694K, committed 113024K, reserved 1146880K
  class space    used 12355K, capacity 14859K, committed 14976K, reserved 1048576K
Event: 33833.499 GC heap after
Heap after GC invocations=305 (full 93):
 PSYoungGen      total 26624K, used 4244K [0x00000007b5580000, 0x00000007b7680000, 0x00000007c0000000)
  eden space 19456K, 0% used [0x00000007b5580000,0x00000007b5580000,0x00000007b6880000)
  from space 7168K, 59% used [0x00000007b6f80000,0x00000007b73a5370,0x00000007b7680000)
  to   space 7168K, 0% used [0x00000007b6880000,0x00000007b6880000,0x00000007b6f80000)
 ParOldGen       total 108032K, used 95460K [0x00000007a0000000, 0x00000007a6980000, 0x00000007b5580000)
  object space 108032K, 88% used [0x00000007a0000000,0x00000007a5d39068,0x00000007a6980000)
 Metaspace       used 103922K, capacity 112694K, committed 113024K, reserved 1146880K
  class space    used 12355K, capacity 14859K, committed 14976K, reserved 1048576K
}
Event: 33845.390 GC heap before
{Heap before GC invocations=306 (full 93):
 PSYoungGen      total 26624K, used 23700K [0x00000007b5580000, 0x00000007b7680000, 0x00000007c0000000)
  eden space 19456K, 100% used [0x00000007b5580000,0x00000007b6880000,0x00000007b6880000)
  from space 7168K, 59% used [0x00000007b6f80000,0x00000007b73a5370,0x00000007b7680000)
  to   space 7168K, 0% used [0x00000007b6880000,0x00000007b6880000,0x00000007b6f80000)
 ParOldGen       total 108032K, used 95460K [0x00000007a0000000, 0x00000007a6980000, 0x00000007b5580000)
  object space 108032K, 88% used [0x00000007a0000000,0x00000007a5d39068,0x00000007a6980000)
 Metaspace       used 103930K, capacity 112694K, committed 113024K, reserved 1146880K
  class space    used 12355K, capacity 14859K, committed 14976K, reserved 1048576K
Event: 33845.397 GC heap after
Heap after GC invocations=306 (full 93):
 PSYoungGen      total 26624K, used 4246K [0x00000007b5580000, 0x00000007b7680000, 0x00000007c0000000)
  eden space 19456K, 0% used [0x00000007b5580000,0x00000007b5580000,0x00000007b6880000)
  from space 7168K, 59% used [0x00000007b6880000,0x00000007b6ca5930,0x00000007b6f80000)
  to   space 7168K, 0% used [0x00000007b6f80000,0x00000007b6f80000,0x00000007b7680000)
 ParOldGen       total 108032K, used 95484K [0x00000007a0000000, 0x00000007a6980000, 0x00000007b5580000)
  object space 108032K, 88% used [0x00000007a0000000,0x00000007a5d3f068,0x00000007a6980000)
 Metaspace       used 103930K, capacity 112694K, committed 113024K, reserved 1146880K
  class space    used 12355K, capacity 14859K, committed 14976K, reserved 1048576K
}
Event: 33859.808 GC heap before
{Heap before GC invocations=307 (full 93):
 PSYoungGen      total 26624K, used 23702K [0x00000007b5580000, 0x00000007b7680000, 0x00000007c0000000)
  eden space 19456K, 100% used [0x00000007b5580000,0x00000007b6880000,0x00000007b6880000)
  from space 7168K, 59% used [0x00000007b6880000,0x00000007b6ca5930,0x00000007b6f80000)
  to   space 7168K, 0% used [0x00000007b6f80000,0x00000007b6f80000,0x00000007b7680000)
 ParOldGen       total 108032K, used 95484K [0x00000007a0000000, 0x00000007a6980000, 0x00000007b5580000)
  object space 108032K, 88% used [0x00000007a0000000,0x00000007a5d3f068,0x00000007a6980000)
 Metaspace       used 103936K, capacity 112694K, committed 113024K, reserved 1146880K
  class space    used 12355K, capacity 14859K, committed 14976K, reserved 1048576K
Event: 33859.813 GC heap after
Heap after GC invocations=307 (full 93):
 PSYoungGen      total 25600K, used 3907K [0x00000007b5580000, 0x00000007b7580000, 0x00000007c0000000)
  eden space 19456K, 0% used [0x00000007b5580000,0x00000007b5580000,0x00000007b6880000)
  from space 6144K, 63% used [0x00000007b6f80000,0x00000007b7350f10,0x00000007b7580000)
  to   space 6656K, 0% used [0x00000007b6880000,0x00000007b6880000,0x00000007b6f00000)
 ParOldGen       total 108032K, used 96551K [0x00000007a0000000, 0x00000007a6980000, 0x00000007b5580000)
  object space 108032K, 89% used [0x00000007a0000000,0x00000007a5e49d28,0x00000007a6980000)
 Metaspace       used 103936K, capacity 112694K, committed 113024K, reserved 1146880K
  class space    used 12355K, capacity 14859K, committed 14976K, reserved 1048576K
}

